<?xml version="1.0" encoding="UTF-8"?>
<testsuite xmlns:xsi="http://www.w3.org/2001/XMLSchema-instance" xsi:noNamespaceSchemaLocation="https://maven.apache.org/surefire/maven-surefire-plugin/xsd/surefire-test-report-3.0.xsd" version="3.0" name="TriangleTest" time="0.581" tests="30" errors="0" skipped="0" failures="0">
  <properties>
[...]
</properties>
  <testcase name="triangleSquareNotTriangleTest(int, int, int, double)[1]" classname="TriangleTest" time="0.142"/>
  <testcase name="triangleSquareNotTriangleTest(int, int, int, double)[2]" classname="TriangleTest" time="0.006"/>
  <testcase name="triangleSquareNotTriangleTest(int, int, int, double)[3]" classname="TriangleTest" time="0.013"/>
  <testcase name="triangleSquareUnrealTestException(int, int, int)[1]" classname="TriangleTest" time="0.012"/>
  <testcase name="triangleSquareUnrealTestException(int, int, int)[2]" classname="TriangleTest" time="0.006"/>
  <testcase name="triangleSquareUnrealTestException(int, int, int)[3]" classname="TriangleTest" time="0.004"/>
  <testcase name="triangleSquareUnrealTestException(int, int, int)[4]" classname="TriangleTest" time="0.006"/>
  <testcase name="triangleSquareUnrealTestException(int, int, int)[5]" classname="TriangleTest" time="0.007"/>
  <testcase name="triangleSquareUnrealTestException(int, int, int)[6]" classname="TriangleTest" time="0.007"/>
  <testcase name="triangleSquareUnrealTestException(int, int, int)[7]" classname="TriangleTest" time="0.005"/>
  <testcase name="triangleSquareUnrealTestException(int, int, int)[8]" classname="TriangleTest" time="0.007"/>
  <testcase name="triangleSquareTrueTest(int, int, int, double)[1]" classname="TriangleTest" time="0.004"/>
  <testcase name="triangleSquareTrueTest(int, int, int, double)[2]" classname="TriangleTest" time="0.009"/>
  <testcase name="triangleSquareTrueTest(int, int, int, double)[3]" classname="TriangleTest" time="0.004"/>
  <testcase name="triangleSquareTrueTest(int, int, int, double)[4]" classname="TriangleTest" time="0.002"/>
  <testcase name="triangleSquareUnrealTest(int, int, int, double)[1]" classname="TriangleTest" time="0.003"/>
  <testcase name="triangleSquareUnrealTest(int, int, int, double)[2]" classname="TriangleTest" time="0.003"/>
  <testcase name="triangleSquareUnrealTest(int, int, int, double)[3]" classname="TriangleTest" time="0.003"/>
  <testcase name="triangleSquareUnrealTest(int, int, int, double)[4]" classname="TriangleTest" time="0.002"/>
  <testcase name="triangleSquareUnrealTest(int, int, int, double)[5]" classname="TriangleTest" time="0.002"/>
  <testcase name="triangleSquareUnrealTest(int, int, int, double)[6]" classname="TriangleTest" time="0.002"/>
  <testcase name="triangleSquareUnrealTest(int, int, int, double)[7]" classname="TriangleTest" time="0.002"/>
  <testcase name="triangleSquareUnrealTest(int, int, int, double)[8]" classname="TriangleTest" time="0.006"/>
  <testcase name="triangleSquareTrueTestException(int, int, int, String)[1]" classname="TriangleTest" time="0.016"/>
  <testcase name="triangleSquareTrueTestException(int, int, int, String)[2]" classname="TriangleTest" time="0.001"/>
  <testcase name="triangleSquareTrueTestException(int, int, int, String)[3]" classname="TriangleTest" time="0.003"/>
  <testcase name="triangleSquareTrueTestException(int, int, int, String)[4]" classname="TriangleTest" time="0.001"/>
  <testcase name="triangleSquareNotTriangleTestException(int, int, int)[1]" classname="TriangleTest" time="0.005"/>
  <testcase name="triangleSquareNotTriangleTestException(int, int, int)[2]" classname="TriangleTest" time="0.001"/>
  <testcase name="triangleSquareNotTriangleTestException(int, int, int)[3]" classname="TriangleTest" time="0.002"/>
</testsuite>